// This is where an access log would be created
::1 - - [12/Apr/2022:22:19:54 +0000] "GET /favicon.ico HTTP/1.1" 404 13 "http://localhost:5555/app/log/access" "Mozilla/5.0 (Macintosh; Intel Mac OS X 10_15_7) AppleWebKit/605.1.15 (KHTML, like Gecko) Version/15.3 Safari/605.1.15"
::1 - - [12/Apr/2022:22:20:13 +0000] "GET /error HTTP/1.1" 404 13 "-" "Mozilla/5.0 (Macintosh; Intel Mac OS X 10_15_7) AppleWebKit/605.1.15 (KHTML, like Gecko) Version/15.3 Safari/605.1.15"
::1 - - [12/Apr/2022:22:20:18 +0000] "GET /favicon.ico HTTP/1.1" 404 13 "http://localhost:5555/app/log/access" "Mozilla/5.0 (Macintosh; Intel Mac OS X 10_15_7) AppleWebKit/605.1.15 (KHTML, like Gecko) Version/15.3 Safari/605.1.15"
::1 - - [12/Apr/2022:22:20:29 +0000] "GET /favicon.ico HTTP/1.1" 404 13 "http://localhost:5555/app/log/access" "Mozilla/5.0 (Macintosh; Intel Mac OS X 10_15_7) AppleWebKit/605.1.15 (KHTML, like Gecko) Version/15.3 Safari/605.1.15"
::1 - - [12/Apr/2022:22:22:10 +0000] "GET /favicon.ico HTTP/1.1" 404 13 "http://localhost:5555/app/log/access" "Mozilla/5.0 (Macintosh; Intel Mac OS X 10_15_7) AppleWebKit/605.1.15 (KHTML, like Gecko) Version/15.3 Safari/605.1.15"
::1 - - [12/Apr/2022:22:22:11 +0000] "GET /favicon.ico HTTP/1.1" 404 13 "http://localhost:5555/app/log/access" "Mozilla/5.0 (Macintosh; Intel Mac OS X 10_15_7) AppleWebKit/605.1.15 (KHTML, like Gecko) Version/15.3 Safari/605.1.15"
::1 - - [12/Apr/2022:22:22:15 +0000] "GET /favicon.ico HTTP/1.1" 404 13 "http://localhost:5555/app/log/access" "Mozilla/5.0 (Macintosh; Intel Mac OS X 10_15_7) AppleWebKit/605.1.15 (KHTML, like Gecko) Version/15.3 Safari/605.1.15"
::1 - - [13/Apr/2022:00:01:49 +0000] "GET /coin.jpg HTTP/1.1" 404 13 "http://localhost:5555/" "Mozilla/5.0 (Macintosh; Intel Mac OS X 10_15_7) AppleWebKit/605.1.15 (KHTML, like Gecko) Version/15.3 Safari/605.1.15"
::1 - - [13/Apr/2022:00:02:37 +0000] "GET /coin.jpg HTTP/1.1" 404 13 "http://localhost:5555/" "Mozilla/5.0 (Macintosh; Intel Mac OS X 10_15_7) AppleWebKit/605.1.15 (KHTML, like Gecko) Version/15.3 Safari/605.1.15"
::1 - - [13/Apr/2022:00:02:48 +0000] "GET /coin.jpg HTTP/1.1" 404 13 "http://localhost:5555/" "Mozilla/5.0 (Macintosh; Intel Mac OS X 10_15_7) AppleWebKit/605.1.15 (KHTML, like Gecko) Version/15.3 Safari/605.1.15"
::1 - - [13/Apr/2022:00:02:49 +0000] "GET /favicon.ico HTTP/1.1" 404 13 "http://localhost:5555/app/log/access" "Mozilla/5.0 (Macintosh; Intel Mac OS X 10_15_7) AppleWebKit/605.1.15 (KHTML, like Gecko) Version/15.3 Safari/605.1.15"
::1 - - [13/Apr/2022:00:04:35 +0000] "GET /coin.jpg HTTP/1.1" 404 13 "http://localhost:5555/" "Mozilla/5.0 (Macintosh; Intel Mac OS X 10_15_7) AppleWebKit/605.1.15 (KHTML, like Gecko) Version/15.3 Safari/605.1.15"
::1 - - [13/Apr/2022:00:04:45 +0000] "GET /coin.jpg HTTP/1.1" 404 13 "http://localhost:5555/" "Mozilla/5.0 (Macintosh; Intel Mac OS X 10_15_7) AppleWebKit/605.1.15 (KHTML, like Gecko) Version/15.3 Safari/605.1.15"
::1 - - [13/Apr/2022:00:04:46 +0000] "GET /coin.jpg HTTP/1.1" 404 13 "http://localhost:5555/" "Mozilla/5.0 (Macintosh; Intel Mac OS X 10_15_7) AppleWebKit/605.1.15 (KHTML, like Gecko) Version/15.3 Safari/605.1.15"
::1 - - [13/Apr/2022:00:04:46 +0000] "GET /coin.jpg HTTP/1.1" 404 13 "http://localhost:5555/" "Mozilla/5.0 (Macintosh; Intel Mac OS X 10_15_7) AppleWebKit/605.1.15 (KHTML, like Gecko) Version/15.3 Safari/605.1.15"
::1 - - [13/Apr/2022:00:05:03 +0000] "GET /coin.jpg HTTP/1.1" 404 13 "http://localhost:5555/" "Mozilla/5.0 (Macintosh; Intel Mac OS X 10_15_7) AppleWebKit/537.36 (KHTML, like Gecko) Chrome/100.0.4896.75 Safari/537.36"
::1 - - [13/Apr/2022:00:05:06 +0000] "GET /tails.jpg HTTP/1.1" 404 13 "http://localhost:5555/" "Mozilla/5.0 (Macintosh; Intel Mac OS X 10_15_7) AppleWebKit/537.36 (KHTML, like Gecko) Chrome/100.0.4896.75 Safari/537.36"
::1 - - [13/Apr/2022:00:05:07 +0000] "GET /heads.jpg HTTP/1.1" 404 13 "http://localhost:5555/" "Mozilla/5.0 (Macintosh; Intel Mac OS X 10_15_7) AppleWebKit/537.36 (KHTML, like Gecko) Chrome/100.0.4896.75 Safari/537.36"
::1 - - [13/Apr/2022:00:05:08 +0000] "GET /tails.jpg HTTP/1.1" 404 13 "http://localhost:5555/" "Mozilla/5.0 (Macintosh; Intel Mac OS X 10_15_7) AppleWebKit/537.36 (KHTML, like Gecko) Chrome/100.0.4896.75 Safari/537.36"
::1 - - [13/Apr/2022:00:05:08 +0000] "GET /heads.jpg HTTP/1.1" 404 13 "http://localhost:5555/" "Mozilla/5.0 (Macintosh; Intel Mac OS X 10_15_7) AppleWebKit/537.36 (KHTML, like Gecko) Chrome/100.0.4896.75 Safari/537.36"
::1 - - [13/Apr/2022:00:05:09 +0000] "GET /tails.jpg HTTP/1.1" 404 13 "http://localhost:5555/" "Mozilla/5.0 (Macintosh; Intel Mac OS X 10_15_7) AppleWebKit/537.36 (KHTML, like Gecko) Chrome/100.0.4896.75 Safari/537.36"
::1 - - [13/Apr/2022:00:05:10 +0000] "GET /tails.jpg HTTP/1.1" 404 13 "http://localhost:5555/" "Mozilla/5.0 (Macintosh; Intel Mac OS X 10_15_7) AppleWebKit/537.36 (KHTML, like Gecko) Chrome/100.0.4896.75 Safari/537.36"
::1 - - [13/Apr/2022:00:05:11 +0000] "GET /tails.jpg HTTP/1.1" 404 13 "http://localhost:5555/" "Mozilla/5.0 (Macintosh; Intel Mac OS X 10_15_7) AppleWebKit/537.36 (KHTML, like Gecko) Chrome/100.0.4896.75 Safari/537.36"
::1 - - [13/Apr/2022:00:05:17 +0000] "GET /coin.jpg HTTP/1.1" 404 13 "http://localhost:5555/" "Mozilla/5.0 (Macintosh; Intel Mac OS X 10_15_7) AppleWebKit/537.36 (KHTML, like Gecko) Chrome/100.0.4896.75 Safari/537.36"
::1 - - [13/Apr/2022:00:05:19 +0000] "GET /heads.jpg HTTP/1.1" 404 13 "http://localhost:5555/" "Mozilla/5.0 (Macintosh; Intel Mac OS X 10_15_7) AppleWebKit/537.36 (KHTML, like Gecko) Chrome/100.0.4896.75 Safari/537.36"
::1 - - [13/Apr/2022:00:05:21 +0000] "GET /tails.jpg HTTP/1.1" 404 13 "http://localhost:5555/" "Mozilla/5.0 (Macintosh; Intel Mac OS X 10_15_7) AppleWebKit/537.36 (KHTML, like Gecko) Chrome/100.0.4896.75 Safari/537.36"
::1 - - [13/Apr/2022:00:05:21 +0000] "GET /heads.jpg HTTP/1.1" 404 13 "http://localhost:5555/" "Mozilla/5.0 (Macintosh; Intel Mac OS X 10_15_7) AppleWebKit/537.36 (KHTML, like Gecko) Chrome/100.0.4896.75 Safari/537.36"
::1 - - [13/Apr/2022:00:05:22 +0000] "GET /heads.jpg HTTP/1.1" 404 13 "http://localhost:5555/" "Mozilla/5.0 (Macintosh; Intel Mac OS X 10_15_7) AppleWebKit/537.36 (KHTML, like Gecko) Chrome/100.0.4896.75 Safari/537.36"
::1 - - [13/Apr/2022:00:05:23 +0000] "GET /heads.jpg HTTP/1.1" 404 13 "http://localhost:5555/" "Mozilla/5.0 (Macintosh; Intel Mac OS X 10_15_7) AppleWebKit/537.36 (KHTML, like Gecko) Chrome/100.0.4896.75 Safari/537.36"
::1 - - [13/Apr/2022:00:05:25 +0000] "GET /heads.jpg HTTP/1.1" 404 13 "http://localhost:5555/" "Mozilla/5.0 (Macintosh; Intel Mac OS X 10_15_7) AppleWebKit/537.36 (KHTML, like Gecko) Chrome/100.0.4896.75 Safari/537.36"
::1 - - [13/Apr/2022:00:09:40 +0000] "GET /assets/img/heads.jpg HTTP/1.1" 404 13 "http://localhost:5555/" "Mozilla/5.0 (Linux; Android 6.0; Nexus 5 Build/MRA58N) AppleWebKit/537.36 (KHTML, like Gecko) Chrome/100.0.4896.75 Mobile Safari/537.36"
::1 - - [13/Apr/2022:00:09:45 +0000] "GET /assets/img/tails.jpg HTTP/1.1" 404 13 "http://localhost:5555/" "Mozilla/5.0 (Linux; Android 6.0; Nexus 5 Build/MRA58N) AppleWebKit/537.36 (KHTML, like Gecko) Chrome/100.0.4896.75 Mobile Safari/537.36"
::1 - - [13/Apr/2022:00:09:47 +0000] "GET /assets/img/heads.jpg HTTP/1.1" 404 13 "http://localhost:5555/" "Mozilla/5.0 (Linux; Android 6.0; Nexus 5 Build/MRA58N) AppleWebKit/537.36 (KHTML, like Gecko) Chrome/100.0.4896.75 Mobile Safari/537.36"
::1 - - [13/Apr/2022:00:09:49 +0000] "GET /assets/img/tails.jpg HTTP/1.1" 404 13 "http://localhost:5555/" "Mozilla/5.0 (Linux; Android 6.0; Nexus 5 Build/MRA58N) AppleWebKit/537.36 (KHTML, like Gecko) Chrome/100.0.4896.75 Mobile Safari/537.36"
::1 - - [13/Apr/2022:00:09:50 +0000] "GET /assets/img/heads.jpg HTTP/1.1" 404 13 "http://localhost:5555/" "Mozilla/5.0 (Linux; Android 6.0; Nexus 5 Build/MRA58N) AppleWebKit/537.36 (KHTML, like Gecko) Chrome/100.0.4896.75 Mobile Safari/537.36"
::1 - - [13/Apr/2022:00:09:52 +0000] "GET /assets/img/heads.jpg HTTP/1.1" 404 13 "http://localhost:5555/" "Mozilla/5.0 (Linux; Android 6.0; Nexus 5 Build/MRA58N) AppleWebKit/537.36 (KHTML, like Gecko) Chrome/100.0.4896.75 Mobile Safari/537.36"
::1 - - [13/Apr/2022:00:09:53 +0000] "GET /assets/img/tails.jpg HTTP/1.1" 404 13 "http://localhost:5555/" "Mozilla/5.0 (Linux; Android 6.0; Nexus 5 Build/MRA58N) AppleWebKit/537.36 (KHTML, like Gecko) Chrome/100.0.4896.75 Mobile Safari/537.36"
::1 - - [13/Apr/2022:00:10:01 +0000] "GET /assets/img/tails.jpg HTTP/1.1" 404 13 "http://localhost:5555/" "Mozilla/5.0 (Linux; Android 6.0; Nexus 5 Build/MRA58N) AppleWebKit/537.36 (KHTML, like Gecko) Chrome/100.0.4896.75 Mobile Safari/537.36"
::1 - - [13/Apr/2022:00:10:01 +0000] "GET /assets/img/heads.jpg HTTP/1.1" 404 13 "http://localhost:5555/" "Mozilla/5.0 (Linux; Android 6.0; Nexus 5 Build/MRA58N) AppleWebKit/537.36 (KHTML, like Gecko) Chrome/100.0.4896.75 Mobile Safari/537.36"
::1 - - [13/Apr/2022:00:13:13 +0000] "GET /favicon.ico HTTP/1.1" 404 13 "http://localhost:5555/app/flip" "Mozilla/5.0 (Linux; Android 6.0; Nexus 5 Build/MRA58N) AppleWebKit/537.36 (KHTML, like Gecko) Chrome/100.0.4896.75 Mobile Safari/537.36"
